<?xml version="1.0" encoding="UTF-8"?>
<testsuite name="tests.CreateTicketTest" tests="1" skipped="0" failures="0" errors="0" timestamp="2026-03-18T03:23:13.070Z" hostname="FARRASASSHIDIQ5" time="7.571">
  <properties/>
  <testcase name="createTicket" classname="tests.CreateTicketTest" time="7.571"/>
  <system-out><![CDATA[=== Create Ticket Test ===
Response: {"id":"cmmvh7wi40001l1042eenu806","createdAt":"2026-03-18T03:23:14.774Z","updatedAt":"2026-03-18T03:23:14.774Z","updatedBy":"cmg6783250002i9044v09cev6","title":"login gagal a10b7","description":"gagal login dengan kredensial","attachment":"https://example.com/attachment.jpg","expectedSolveAt":null,"isPublic":true,"solvedAt":null,"userId":"cmg6783250002i9044v09cev6","departmentId":null,"user":{"id":"cmg6783250002i9044v09cev6","email":"user1@example.com","fullname":"User 1","username":"user1","role":"USER","nickname":"User1","verifiedAt":"2025-09-30T06:50:59.067Z","departmentId":null}}
TEST PASSED - Ticket Successfully Created
Ticket ID: cmmvh7wi40001l1042eenu806
Title: login gagal a10b7
Description: gagal login dengan kredensial
Status Code: 200
==========================
Ticket ID: cmmvh7wi40001l1042eenu806
]]></system-out>
  <system-err><![CDATA[]]></system-err>
</testsuite>
